INFO AWT-EventQueue-0 de.htwg.sudoku.view.tui - 

Dealer: [king-clubs, 3-spades]
Player: [[5-clubs, 9-diamonds, jack-diamonds]]
Bet   : 0
Cash  : 400
valid commands: start<int>: start new game with <int> cash, stop: stop the game, stand: end hitting for active hand, hit: take a card, doubleDown: doubles bet, split: splits active hand, bet<int>: bets <int>, exit: exits

INFO AWT-EventQueue-0 de.htwg.sudoku.view.tui - 

Dealer: [king-clubs, 3-spades]
Player: [[5-clubs, 9-diamonds, jack-diamonds]]
Bet   : 0
Cash  : 400
valid commands: start<int>: start new game with <int> cash, stop: stop the game, stand: end hitting for active hand, hit: take a card, doubleDown: doubles bet, split: splits active hand, bet<int>: bets <int>, exit: exits

INFO AWT-EventQueue-0 de.htwg.sudoku.view.tui - 

Dealer: [king-clubs, 3-spades]
Player: [[5-clubs, 9-diamonds, jack-diamonds]]
Bet   : 0
Cash  : 400
valid commands: start<int>: start new game with <int> cash, stop: stop the game, stand: end hitting for active hand, hit: take a card, doubleDown: doubles bet, split: splits active hand, bet<int>: bets <int>, exit: exits

INFO AWT-EventQueue-0 de.htwg.sudoku.view.tui - 

Dealer: [king-clubs, 3-spades]
Player: [[5-clubs, 9-diamonds, jack-diamonds]]
Bet   : 0
Cash  : 400
valid commands: start<int>: start new game with <int> cash, stop: stop the game, stand: end hitting for active hand, hit: take a card, doubleDown: doubles bet, split: splits active hand, bet<int>: bets <int>, exit: exits

INFO AWT-EventQueue-0 de.htwg.sudoku.view.tui - 

Dealer: [king-clubs, 3-spades]
Player: [[5-clubs, 9-diamonds, jack-diamonds]]
Bet   : 0
Cash  : 400
valid commands: start<int>: start new game with <int> cash, stop: stop the game, stand: end hitting for active hand, hit: take a card, doubleDown: doubles bet, split: splits active hand, bet<int>: bets <int>, exit: exits

INFO AWT-EventQueue-0 de.htwg.sudoku.view.tui - 

Dealer: [king-clubs, 3-spades]
Player: [[5-clubs, 9-diamonds, jack-diamonds]]
Bet   : 0
Cash  : 400
valid commands: start<int>: start new game with <int> cash, stop: stop the game, stand: end hitting for active hand, hit: take a card, doubleDown: doubles bet, split: splits active hand, bet<int>: bets <int>, exit: exits

INFO AWT-EventQueue-0 de.htwg.sudoku.view.tui - 

Dealer: [king-clubs, 3-spades]
Player: [[5-clubs, 9-diamonds, jack-diamonds]]
Bet   : 0
Cash  : 400
valid commands: start<int>: start new game with <int> cash, stop: stop the game, stand: end hitting for active hand, hit: take a card, doubleDown: doubles bet, split: splits active hand, bet<int>: bets <int>, exit: exits

INFO AWT-EventQueue-0 de.htwg.sudoku.view.tui - 

Dealer: [king-clubs, 3-spades]
Player: [[5-clubs, 9-diamonds, jack-diamonds]]
Bet   : 0
Cash  : 400
valid commands: start<int>: start new game with <int> cash, stop: stop the game, stand: end hitting for active hand, hit: take a card, doubleDown: doubles bet, split: splits active hand, bet<int>: bets <int>, exit: exits

INFO AWT-EventQueue-0 de.htwg.sudoku.view.tui - 

Dealer: [king-clubs, 3-spades]
Player: [[5-clubs, 9-diamonds, jack-diamonds]]
Bet   : 0
Cash  : 400
valid commands: start<int>: start new game with <int> cash, stop: stop the game, stand: end hitting for active hand, hit: take a card, doubleDown: doubles bet, split: splits active hand, bet<int>: bets <int>, exit: exits

INFO AWT-EventQueue-0 de.htwg.sudoku.view.tui - 

Dealer: [king-clubs, 3-spades]
Player: [[5-clubs, 9-diamonds, jack-diamonds]]
Bet   : 0
Cash  : 400
valid commands: start<int>: start new game with <int> cash, stop: stop the game, stand: end hitting for active hand, hit: take a card, doubleDown: doubles bet, split: splits active hand, bet<int>: bets <int>, exit: exits

INFO AWT-EventQueue-0 de.htwg.sudoku.view.tui - 

Dealer: [king-clubs, 3-spades]
Player: [[5-clubs, 9-diamonds, jack-diamonds]]
Bet   : 0
Cash  : 400
valid commands: start<int>: start new game with <int> cash, stop: stop the game, stand: end hitting for active hand, hit: take a card, doubleDown: doubles bet, split: splits active hand, bet<int>: bets <int>, exit: exits

INFO AWT-EventQueue-0 de.htwg.sudoku.view.tui - 

Dealer: [king-clubs, 3-spades]
Player: [[5-clubs, 9-diamonds, jack-diamonds]]
Bet   : 0
Cash  : 400
valid commands: start<int>: start new game with <int> cash, stop: stop the game, stand: end hitting for active hand, hit: take a card, doubleDown: doubles bet, split: splits active hand, bet<int>: bets <int>, exit: exits

INFO AWT-EventQueue-0 de.htwg.sudoku.view.tui - 

Dealer: [king-clubs, 3-spades]
Player: [[5-clubs, 9-diamonds, jack-diamonds]]
Bet   : 0
Cash  : 400
valid commands: start<int>: start new game with <int> cash, stop: stop the game, stand: end hitting for active hand, hit: take a card, doubleDown: doubles bet, split: splits active hand, bet<int>: bets <int>, exit: exits

INFO AWT-EventQueue-0 de.htwg.sudoku.view.tui - 

Dealer: [king-clubs, 3-spades]
Player: [[5-clubs, 9-diamonds, jack-diamonds]]
Bet   : 0
Cash  : 400
valid commands: start<int>: start new game with <int> cash, stop: stop the game, stand: end hitting for active hand, hit: take a card, doubleDown: doubles bet, split: splits active hand, bet<int>: bets <int>, exit: exits

INFO AWT-EventQueue-0 de.htwg.sudoku.view.tui - 

Dealer: [king-clubs, 3-spades]
Player: [[5-clubs, 9-diamonds, jack-diamonds]]
Bet   : 0
Cash  : 400
valid commands: start<int>: start new game with <int> cash, stop: stop the game, stand: end hitting for active hand, hit: take a card, doubleDown: doubles bet, split: splits active hand, bet<int>: bets <int>, exit: exits

INFO AWT-EventQueue-0 de.htwg.sudoku.view.tui - 

Dealer: [king-clubs, 3-spades]
Player: [[5-clubs, 9-diamonds, jack-diamonds]]
Bet   : 0
Cash  : 400
valid commands: start<int>: start new game with <int> cash, stop: stop the game, stand: end hitting for active hand, hit: take a card, doubleDown: doubles bet, split: splits active hand, bet<int>: bets <int>, exit: exits

INFO AWT-EventQueue-0 de.htwg.sudoku.view.tui - 

Dealer: [king-clubs, 3-spades]
Player: [[5-clubs, 9-diamonds, jack-diamonds]]
Bet   : 0
Cash  : 400
valid commands: start<int>: start new game with <int> cash, stop: stop the game, stand: end hitting for active hand, hit: take a card, doubleDown: doubles bet, split: splits active hand, bet<int>: bets <int>, exit: exits

INFO AWT-EventQueue-0 de.htwg.sudoku.view.tui - 

Dealer: [king-clubs, 3-spades]
Player: [[5-clubs, 9-diamonds, jack-diamonds]]
Bet   : 0
Cash  : 400
valid commands: start<int>: start new game with <int> cash, stop: stop the game, stand: end hitting for active hand, hit: take a card, doubleDown: doubles bet, split: splits active hand, bet<int>: bets <int>, exit: exits

INFO AWT-EventQueue-0 de.htwg.sudoku.view.tui - 

Dealer: [king-clubs, 3-spades]
Player: [[5-clubs, 9-diamonds, jack-diamonds]]
Bet   : 0
Cash  : 400
valid commands: start<int>: start new game with <int> cash, stop: stop the game, stand: end hitting for active hand, hit: take a card, doubleDown: doubles bet, split: splits active hand, bet<int>: bets <int>, exit: exits

INFO AWT-EventQueue-0 de.htwg.sudoku.view.tui - 

Dealer: [king-clubs, 3-spades]
Player: [[5-clubs, 9-diamonds, jack-diamonds]]
Bet   : 0
Cash  : 400
valid commands: start<int>: start new game with <int> cash, stop: stop the game, stand: end hitting for active hand, hit: take a card, doubleDown: doubles bet, split: splits active hand, bet<int>: bets <int>, exit: exits

INFO AWT-EventQueue-0 de.htwg.sudoku.view.tui - 

Dealer: [king-clubs, 3-spades]
Player: [[5-clubs, 9-diamonds, jack-diamonds]]
Bet   : 0
Cash  : 400
valid commands: start<int>: start new game with <int> cash, stop: stop the game, stand: end hitting for active hand, hit: take a card, doubleDown: doubles bet, split: splits active hand, bet<int>: bets <int>, exit: exits

INFO AWT-EventQueue-0 de.htwg.sudoku.view.tui - 

Dealer: [king-clubs, 3-spades]
Player: [[5-clubs, 9-diamonds, jack-diamonds]]
Bet   : 0
Cash  : 400
valid commands: start<int>: start new game with <int> cash, stop: stop the game, stand: end hitting for active hand, hit: take a card, doubleDown: doubles bet, split: splits active hand, bet<int>: bets <int>, exit: exits

INFO AWT-EventQueue-0 de.htwg.sudoku.view.tui - 

Dealer: [king-clubs, 3-spades]
Player: [[5-clubs, 9-diamonds, jack-diamonds]]
Bet   : 0
Cash  : 400
valid commands: start<int>: start new game with <int> cash, stop: stop the game, stand: end hitting for active hand, hit: take a card, doubleDown: doubles bet, split: splits active hand, bet<int>: bets <int>, exit: exits

INFO AWT-EventQueue-0 de.htwg.sudoku.view.tui - 

Dealer: [king-clubs, 3-spades]
Player: [[5-clubs, 9-diamonds, jack-diamonds]]
Bet   : 0
Cash  : 400
valid commands: start<int>: start new game with <int> cash, stop: stop the game, stand: end hitting for active hand, hit: take a card, doubleDown: doubles bet, split: splits active hand, bet<int>: bets <int>, exit: exits

INFO AWT-EventQueue-0 de.htwg.sudoku.view.tui - 

Dealer: [king-clubs, 3-spades]
Player: [[5-clubs, 9-diamonds, jack-diamonds]]
Bet   : 0
Cash  : 400
valid commands: start<int>: start new game with <int> cash, stop: stop the game, stand: end hitting for active hand, hit: take a card, doubleDown: doubles bet, split: splits active hand, bet<int>: bets <int>, exit: exits

INFO AWT-EventQueue-0 de.htwg.sudoku.view.tui - 

Dealer: [king-clubs, 3-spades]
Player: [[5-clubs, 9-diamonds, jack-diamonds]]
Bet   : 0
Cash  : 400
valid commands: start<int>: start new game with <int> cash, stop: stop the game, stand: end hitting for active hand, hit: take a card, doubleDown: doubles bet, split: splits active hand, bet<int>: bets <int>, exit: exits

INFO AWT-EventQueue-0 de.htwg.sudoku.view.tui - 

Dealer: [king-clubs, 3-spades]
Player: [[5-clubs, 9-diamonds, jack-diamonds]]
Bet   : 0
Cash  : 400
valid commands: start<int>: start new game with <int> cash, stop: stop the game, stand: end hitting for active hand, hit: take a card, doubleDown: doubles bet, split: splits active hand, bet<int>: bets <int>, exit: exits

INFO AWT-EventQueue-0 de.htwg.sudoku.view.tui - 

Dealer: [king-clubs, 3-spades]
Player: [[5-clubs, 9-diamonds, jack-diamonds]]
Bet   : 0
Cash  : 400
valid commands: start<int>: start new game with <int> cash, stop: stop the game, stand: end hitting for active hand, hit: take a card, doubleDown: doubles bet, split: splits active hand, bet<int>: bets <int>, exit: exits

INFO AWT-EventQueue-0 de.htwg.sudoku.view.tui - 

Dealer: [king-clubs, 3-spades]
Player: [[5-clubs, 9-diamonds, jack-diamonds]]
Bet   : 0
Cash  : 400
valid commands: start<int>: start new game with <int> cash, stop: stop the game, stand: end hitting for active hand, hit: take a card, doubleDown: doubles bet, split: splits active hand, bet<int>: bets <int>, exit: exits

INFO AWT-EventQueue-0 de.htwg.sudoku.view.tui - 

Dealer: [king-clubs, 3-spades]
Player: [[5-clubs, 9-diamonds, jack-diamonds]]
Bet   : 0
Cash  : 400
valid commands: start<int>: start new game with <int> cash, stop: stop the game, stand: end hitting for active hand, hit: take a card, doubleDown: doubles bet, split: splits active hand, bet<int>: bets <int>, exit: exits

INFO AWT-EventQueue-0 de.htwg.sudoku.view.tui - 

Dealer: []
Player: [[]]
Bet   : 0
Cash  : 500
valid commands: start<int>: start new game with <int> cash, stop: stop the game, stand: end hitting for active hand, hit: take a card, doubleDown: doubles bet, split: splits active hand, bet<int>: bets <int>, exit: exits

INFO AWT-EventQueue-0 de.htwg.sudoku.view.tui - 

Dealer: [7-hearts, 3-clubs]
Player: [[jack-diamonds, 2-diamonds]]
Bet   : 10
Cash  : 490
valid commands: start<int>: start new game with <int> cash, stop: stop the game, stand: end hitting for active hand, hit: take a card, doubleDown: doubles bet, split: splits active hand, bet<int>: bets <int>, exit: exits

INFO AWT-EventQueue-0 de.htwg.sudoku.view.tui - 

Dealer: [7-hearts, 3-clubs]
Player: [[jack-diamonds, 2-diamonds, 4-hearts]]
Bet   : 10
Cash  : 490
valid commands: start<int>: start new game with <int> cash, stop: stop the game, stand: end hitting for active hand, hit: take a card, doubleDown: doubles bet, split: splits active hand, bet<int>: bets <int>, exit: exits

INFO AWT-EventQueue-0 de.htwg.sudoku.view.tui - 

Dealer: [7-hearts, 3-clubs, 7-spades]
Player: [[jack-diamonds, 2-diamonds, 4-hearts]]
Bet   : 10
Cash  : 490
valid commands: start<int>: start new game with <int> cash, stop: stop the game, stand: end hitting for active hand, hit: take a card, doubleDown: doubles bet, split: splits active hand, bet<int>: bets <int>, exit: exits

INFO AWT-EventQueue-0 de.htwg.sudoku.view.tui - 

Dealer: [7-hearts, 3-clubs, 7-spades]
Player: [[jack-diamonds, 2-diamonds, 4-hearts]]
Bet   : 10
Cash  : 490
valid commands: start<int>: start new game with <int> cash, stop: stop the game, stand: end hitting for active hand, hit: take a card, doubleDown: doubles bet, split: splits active hand, bet<int>: bets <int>, exit: exits

INFO AWT-EventQueue-0 de.htwg.sudoku.view.tui - 

Dealer: [7-hearts, 3-clubs, 7-spades]
Player: [[jack-diamonds, 2-diamonds, 4-hearts]]
Bet   : 0
Cash  : 490
valid commands: start<int>: start new game with <int> cash, stop: stop the game, stand: end hitting for active hand, hit: take a card, doubleDown: doubles bet, split: splits active hand, bet<int>: bets <int>, exit: exits

INFO AWT-EventQueue-0 de.htwg.sudoku.view.tui - 

Dealer: [7-hearts, 3-clubs, 7-spades]
Player: [[jack-diamonds, 2-diamonds, 4-hearts]]
Bet   : 0
Cash  : 490
valid commands: start<int>: start new game with <int> cash, stop: stop the game, stand: end hitting for active hand, hit: take a card, doubleDown: doubles bet, split: splits active hand, bet<int>: bets <int>, exit: exits

INFO AWT-EventQueue-0 de.htwg.sudoku.view.tui - 

Dealer: [7-hearts, 3-clubs, 7-spades]
Player: [[jack-diamonds, 2-diamonds, 4-hearts]]
Bet   : 0
Cash  : 490
valid commands: start<int>: start new game with <int> cash, stop: stop the game, stand: end hitting for active hand, hit: take a card, doubleDown: doubles bet, split: splits active hand, bet<int>: bets <int>, exit: exits

INFO AWT-EventQueue-0 de.htwg.sudoku.view.tui - 

Dealer: [7-hearts, 3-clubs, 7-spades]
Player: [[jack-diamonds, 2-diamonds, 4-hearts]]
Bet   : 0
Cash  : 490
valid commands: start<int>: start new game with <int> cash, stop: stop the game, stand: end hitting for active hand, hit: take a card, doubleDown: doubles bet, split: splits active hand, bet<int>: bets <int>, exit: exits

INFO AWT-EventQueue-0 de.htwg.sudoku.view.tui - 

Dealer: [7-hearts, 3-clubs, 7-spades]
Player: [[jack-diamonds, 2-diamonds, 4-hearts]]
Bet   : 0
Cash  : 490
valid commands: start<int>: start new game with <int> cash, stop: stop the game, stand: end hitting for active hand, hit: take a card, doubleDown: doubles bet, split: splits active hand, bet<int>: bets <int>, exit: exits

INFO AWT-EventQueue-0 de.htwg.sudoku.view.tui - 

Dealer: [7-hearts, 3-clubs, 7-spades]
Player: [[jack-diamonds, 2-diamonds, 4-hearts]]
Bet   : 0
Cash  : 490
valid commands: start<int>: start new game with <int> cash, stop: stop the game, stand: end hitting for active hand, hit: take a card, doubleDown: doubles bet, split: splits active hand, bet<int>: bets <int>, exit: exits

INFO AWT-EventQueue-0 de.htwg.sudoku.view.tui - 

Dealer: [7-hearts, 3-clubs, 7-spades]
Player: [[jack-diamonds, 2-diamonds, 4-hearts]]
Bet   : 0
Cash  : 490
valid commands: start<int>: start new game with <int> cash, stop: stop the game, stand: end hitting for active hand, hit: take a card, doubleDown: doubles bet, split: splits active hand, bet<int>: bets <int>, exit: exits

INFO AWT-EventQueue-0 de.htwg.sudoku.view.tui - 

Dealer: [7-hearts, 3-clubs, 7-spades]
Player: [[jack-diamonds, 2-diamonds, 4-hearts]]
Bet   : 0
Cash  : 490
valid commands: start<int>: start new game with <int> cash, stop: stop the game, stand: end hitting for active hand, hit: take a card, doubleDown: doubles bet, split: splits active hand, bet<int>: bets <int>, exit: exits

INFO AWT-EventQueue-0 de.htwg.sudoku.view.tui - 

Dealer: [7-hearts, 3-clubs, 7-spades]
Player: [[jack-diamonds, 2-diamonds, 4-hearts]]
Bet   : 0
Cash  : 490
valid commands: start<int>: start new game with <int> cash, stop: stop the game, stand: end hitting for active hand, hit: take a card, doubleDown: doubles bet, split: splits active hand, bet<int>: bets <int>, exit: exits

INFO AWT-EventQueue-0 de.htwg.sudoku.view.tui - 

Dealer: [7-hearts, 3-clubs, 7-spades]
Player: [[jack-diamonds, 2-diamonds, 4-hearts]]
Bet   : 0
Cash  : 490
valid commands: start<int>: start new game with <int> cash, stop: stop the game, stand: end hitting for active hand, hit: take a card, doubleDown: doubles bet, split: splits active hand, bet<int>: bets <int>, exit: exits

INFO AWT-EventQueue-0 de.htwg.sudoku.view.tui - 

Dealer: []
Player: [[]]
Bet   : 0
Cash  : 500
valid commands: start<int>: start new game with <int> cash, stop: stop the game, stand: end hitting for active hand, hit: take a card, doubleDown: doubles bet, split: splits active hand, bet<int>: bets <int>, exit: exits

INFO AWT-EventQueue-0 de.htwg.sudoku.view.tui - 

Dealer: [6-clubs, 4-spades]
Player: [[5-hearts, 6-spades]]
Bet   : 10
Cash  : 490
valid commands: start<int>: start new game with <int> cash, stop: stop the game, stand: end hitting for active hand, hit: take a card, doubleDown: doubles bet, split: splits active hand, bet<int>: bets <int>, exit: exits

INFO AWT-EventQueue-0 de.htwg.sudoku.view.tui - 

Dealer: [6-clubs, 4-spades, 2-diamonds]
Player: [[5-hearts, 6-spades]]
Bet   : 10
Cash  : 490
valid commands: start<int>: start new game with <int> cash, stop: stop the game, stand: end hitting for active hand, hit: take a card, doubleDown: doubles bet, split: splits active hand, bet<int>: bets <int>, exit: exits

INFO AWT-EventQueue-0 de.htwg.sudoku.view.tui - 

Dealer: [6-clubs, 4-spades, 2-diamonds]
Player: [[5-hearts, 6-spades]]
Bet   : 10
Cash  : 490
valid commands: start<int>: start new game with <int> cash, stop: stop the game, stand: end hitting for active hand, hit: take a card, doubleDown: doubles bet, split: splits active hand, bet<int>: bets <int>, exit: exits

INFO AWT-EventQueue-0 de.htwg.sudoku.view.tui - 

Dealer: [6-clubs, 4-spades, 2-diamonds]
Player: [[5-hearts, 6-spades]]
Bet   : 0
Cash  : 490
valid commands: start<int>: start new game with <int> cash, stop: stop the game, stand: end hitting for active hand, hit: take a card, doubleDown: doubles bet, split: splits active hand, bet<int>: bets <int>, exit: exits

INFO AWT-EventQueue-0 de.htwg.sudoku.view.tui - 

Dealer: [ace-clubs, 7-diamonds]
Player: [[8-diamonds, 4-hearts]]
Bet   : 10
Cash  : 480
valid commands: start<int>: start new game with <int> cash, stop: stop the game, stand: end hitting for active hand, hit: take a card, doubleDown: doubles bet, split: splits active hand, bet<int>: bets <int>, exit: exits

INFO AWT-EventQueue-0 de.htwg.sudoku.view.tui - 

Dealer: []
Player: [[]]
Bet   : 0
Cash  : 500
valid commands: start<int>: start new game with <int> cash, stop: stop the game, stand: end hitting for active hand, hit: take a card, doubleDown: doubles bet, split: splits active hand, bet<int>: bets <int>, exit: exits

INFO AWT-EventQueue-0 de.htwg.sudoku.view.tui - 

Dealer: [3-hearts, ace-clubs]
Player: [[7-spades, queen-spades]]
Bet   : 10
Cash  : 490
valid commands: start<int>: start new game with <int> cash, stop: stop the game, stand: end hitting for active hand, hit: take a card, doubleDown: doubles bet, split: splits active hand, bet<int>: bets <int>, exit: exits

INFO AWT-EventQueue-0 de.htwg.sudoku.view.tui - 

Dealer: [3-hearts, ace-clubs]
Player: [[7-spades, queen-spades, 10-clubs]]
Bet   : 10
Cash  : 490
valid commands: start<int>: start new game with <int> cash, stop: stop the game, stand: end hitting for active hand, hit: take a card, doubleDown: doubles bet, split: splits active hand, bet<int>: bets <int>, exit: exits

INFO AWT-EventQueue-0 de.htwg.sudoku.view.tui - 

Dealer: [3-hearts, ace-clubs]
Player: [[7-spades, queen-spades, 10-clubs]]
Bet   : 10
Cash  : 490
valid commands: start<int>: start new game with <int> cash, stop: stop the game, stand: end hitting for active hand, hit: take a card, doubleDown: doubles bet, split: splits active hand, bet<int>: bets <int>, exit: exits

INFO AWT-EventQueue-0 de.htwg.sudoku.view.tui - 

Dealer: [3-hearts, ace-clubs]
Player: [[7-spades, queen-spades, 10-clubs]]
Bet   : 10
Cash  : 490
valid commands: start<int>: start new game with <int> cash, stop: stop the game, stand: end hitting for active hand, hit: take a card, doubleDown: doubles bet, split: splits active hand, bet<int>: bets <int>, exit: exits

INFO AWT-EventQueue-0 de.htwg.sudoku.view.tui - 

Dealer: [3-hearts, ace-clubs]
Player: [[7-spades, queen-spades, 10-clubs]]
Bet   : 0
Cash  : 490
valid commands: start<int>: start new game with <int> cash, stop: stop the game, stand: end hitting for active hand, hit: take a card, doubleDown: doubles bet, split: splits active hand, bet<int>: bets <int>, exit: exits

INFO AWT-EventQueue-0 de.htwg.sudoku.view.tui - 

Dealer: [jack-hearts, 4-spades]
Player: [[2-diamonds, 4-hearts]]
Bet   : 10
Cash  : 480
valid commands: start<int>: start new game with <int> cash, stop: stop the game, stand: end hitting for active hand, hit: take a card, doubleDown: doubles bet, split: splits active hand, bet<int>: bets <int>, exit: exits

INFO main de.htwg.sudoku.view.tui - 

Dealer: [jack-hearts, 4-spades]
Player: [[jack-diamonds, jack-clubs]]
Bet   : 10
Cash  : 480
valid commands: start<int>: start new game with <int> cash, stop: stop the game, stand: end hitting for active hand, hit: take a card, doubleDown: doubles bet, split: splits active hand, bet<int>: bets <int>, exit: exits

INFO AWT-EventQueue-0 de.htwg.sudoku.view.tui - 

Dealer: [jack-hearts, 4-spades]
Player: [[jack-clubs], [jack-diamonds]]
Bet   : 10
Cash  : 480
valid commands: start<int>: start new game with <int> cash, stop: stop the game, stand: end hitting for active hand, hit: take a card, doubleDown: doubles bet, split: splits active hand, bet<int>: bets <int>, exit: exits

INFO AWT-EventQueue-0 de.htwg.sudoku.view.tui - 

Dealer: [jack-hearts, 4-spades]
Player: [[jack-clubs, queen-clubs], [jack-diamonds]]
Bet   : 10
Cash  : 480
valid commands: start<int>: start new game with <int> cash, stop: stop the game, stand: end hitting for active hand, hit: take a card, doubleDown: doubles bet, split: splits active hand, bet<int>: bets <int>, exit: exits

INFO AWT-EventQueue-0 de.htwg.sudoku.view.tui - 

Dealer: []
Player: [[]]
Bet   : 0
Cash  : 500
valid commands: start<int>: start new game with <int> cash, stop: stop the game, stand: end hitting for active hand, hit: take a card, doubleDown: doubles bet, split: splits active hand, bet<int>: bets <int>, exit: exits

